Fold 0
Model 0 best validation binary_cross_entropy = 0.435040 on epoch 0
Model 0 test binary_cross_entropy = 0.500988
Model 0 test auc = 0.702225
Ensemble test binary_cross_entropy = 0.500988
Ensemble test auc = 0.702225
Fold 1
Model 0 best validation binary_cross_entropy = 0.481100 on epoch 1
Model 0 test binary_cross_entropy = 0.429191
Model 0 test auc = 0.750434
Ensemble test binary_cross_entropy = 0.429191
Ensemble test auc = 0.750434
2-fold cross validation
	Seed 0 ==> test binary_cross_entropy = 0.500988
	Seed 0 ==> test auc = 0.702225
	Seed 1 ==> test binary_cross_entropy = 0.429191
	Seed 1 ==> test auc = 0.750434
Overall test binary_cross_entropy = 0.465089 +/- 0.035898
Overall test auc = 0.726330 +/- 0.024105
Elapsed time = 0:00:58
