Command line
python /gpfs0/home/zadubrov/deepFPlearn_exai/dfpl/__main__.py traingnn -f example/traingnn.json
Args
{'activation': 'ReLU',
 'adding_bond_types': True,
 'adding_h': False,
 'aggregation': 'mean',
 'aggregation_norm': 100,
 'atom_constraints': [],
 'atom_descriptor_scaling': True,
 'atom_descriptors': None,
 'atom_descriptors_path': None,
 'atom_descriptors_size': 0,
 'atom_features_size': 0,
 'atom_messages': False,
 'atom_targets': [],
 'batch_size': 50,
 'bias': False,
 'bias_solvent': False,
 'bond_constraints': [],
 'bond_descriptor_scaling': True,
 'bond_descriptors': None,
 'bond_descriptors_path': None,
 'bond_descriptors_size': 0,
 'bond_features_size': 0,
 'bond_targets': [],
 'cache_cutoff': 10000,
 'checkpoint_dir': None,
 'checkpoint_frzn': None,
 'checkpoint_path': None,
 'checkpoint_paths': None,
 'class_balance': False,
 'config_path': None,
 'constraints_path': None,
 'crossval_index_dir': None,
 'crossval_index_file': None,
 'crossval_index_sets': None,
 'cuda': True,
 'data_path': '/home/zadubrov/data/2020_deepFPlearn/data/S_dataset.csv',
 'data_weights_path': None,
 'dataset_type': 'classification',
 'depth': 3,
 'depth_solvent': 3,
 'device': device(type='cuda'),
 'dropout': 0.0,
 'empty_cache': False,
 'ensemble_size': 1,
 'epochs': 2,
 'evidential_regularization': 0,
 'explicit_h': False,
 'extra_metrics': ['auc'],
 'features_generator': None,
 'features_only': False,
 'features_path': None,
 'features_scaling': True,
 'features_size': None,
 'ffn_hidden_size': 300,
 'ffn_num_layers': 2,
 'final_lr': 0.0001,
 'folds_file': None,
 'freeze_first_only': False,
 'frzn_ffn_layers': 0,
 'gpu': None,
 'grad_clip': None,
 'hidden_size': 300,
 'hidden_size_solvent': 300,
 'ignore_columns': None,
 'init_lr': 0.0001,
 'is_atom_bond_targets': False,
 'keeping_atom_map': False,
 'log_frequency': 10,
 'loss_function': 'binary_cross_entropy',
 'max_data_size': None,
 'max_lr': 0.001,
 'metric': 'binary_cross_entropy',
 'metrics': ['binary_cross_entropy', 'auc'],
 'minimize_score': True,
 'mpn_shared': False,
 'multiclass_num_classes': 3,
 'no_adding_bond_types': False,
 'no_atom_descriptor_scaling': False,
 'no_bond_descriptor_scaling': False,
 'no_cache_mol': False,
 'no_cuda': False,
 'no_features_scaling': False,
 'no_shared_atom_bond_ffn': False,
 'num_folds': 2,
 'num_lrs': 1,
 'num_tasks': 8,
 'num_workers': 8,
 'number_of_molecules': 1,
 'overwrite_default_atom_features': False,
 'overwrite_default_bond_features': False,
 'phase_features_path': None,
 'pytorch_seed': 0,
 'quiet': False,
 'reaction': False,
 'reaction_mode': 'reac_diff',
 'reaction_solvent': False,
 'resume_experiment': False,
 'save_dir': 'dmpnn/',
 'save_preds': False,
 'save_smiles_splits': False,
 'seed': 0,
 'separate_test_atom_descriptors_path': None,
 'separate_test_bond_descriptors_path': None,
 'separate_test_constraints_path': None,
 'separate_test_features_path': None,
 'separate_test_path': None,
 'separate_test_phase_features_path': None,
 'separate_val_atom_descriptors_path': None,
 'separate_val_bond_descriptors_path': None,
 'separate_val_constraints_path': None,
 'separate_val_features_path': None,
 'separate_val_path': None,
 'separate_val_phase_features_path': None,
 'shared_atom_bond_ffn': True,
 'show_individual_scores': False,
 'smiles_columns': ['smiles'],
 'spectra_activation': 'exp',
 'spectra_phase_mask_path': None,
 'spectra_target_floor': 1e-08,
 'split_key_molecule': 0,
 'split_sizes': [0.8, 0.1, 0.1],
 'split_type': 'scaffold_balanced',
 'target_columns': None,
 'target_weights': None,
 'task_names': ['cid', 'AR', 'ER', 'GR', 'Aromatase', 'TR', 'PPARg', 'ED'],
 'test': False,
 'test_fold_index': None,
 'train_data_size': None,
 'undirected': False,
 'use_input_features': False,
 'val_fold_index': None,
 'warmup_epochs': 2.0,
 'weights_ffn_num_layers': 2}
Setting molecule featurization parameters to default.
Loading data
Command line
python /gpfs0/home/zadubrov/deepFPlearn_exai/dfpl/__main__.py traingnn -f example/traingnn.json
Args
{'activation': 'ReLU',
 'adding_bond_types': True,
 'adding_h': False,
 'aggregation': 'mean',
 'aggregation_norm': 100,
 'atom_constraints': [],
 'atom_descriptor_scaling': True,
 'atom_descriptors': None,
 'atom_descriptors_path': None,
 'atom_descriptors_size': 0,
 'atom_features_size': 0,
 'atom_messages': False,
 'atom_targets': [],
 'batch_size': 50,
 'bias': False,
 'bias_solvent': False,
 'bond_constraints': [],
 'bond_descriptor_scaling': True,
 'bond_descriptors': None,
 'bond_descriptors_path': None,
 'bond_descriptors_size': 0,
 'bond_features_size': 0,
 'bond_targets': [],
 'cache_cutoff': 10000,
 'checkpoint_dir': None,
 'checkpoint_frzn': None,
 'checkpoint_path': None,
 'checkpoint_paths': None,
 'class_balance': False,
 'config_path': None,
 'constraints_path': None,
 'crossval_index_dir': None,
 'crossval_index_file': None,
 'crossval_index_sets': None,
 'cuda': True,
 'data_path': '/home/zadubrov/data/S_dataset.csv',
 'data_weights_path': None,
 'dataset_type': 'classification',
 'depth': 3,
 'depth_solvent': 3,
 'device': device(type='cuda'),
 'dropout': 0.0,
 'empty_cache': False,
 'ensemble_size': 1,
 'epochs': 2,
 'evidential_regularization': 0,
 'explicit_h': False,
 'extra_metrics': ['auc'],
 'features_generator': None,
 'features_only': False,
 'features_path': None,
 'features_scaling': True,
 'features_size': None,
 'ffn_hidden_size': 300,
 'ffn_num_layers': 2,
 'final_lr': 0.0001,
 'folds_file': None,
 'freeze_first_only': False,
 'frzn_ffn_layers': 0,
 'gpu': None,
 'grad_clip': None,
 'hidden_size': 300,
 'hidden_size_solvent': 300,
 'ignore_columns': None,
 'init_lr': 0.0001,
 'is_atom_bond_targets': False,
 'keeping_atom_map': False,
 'log_frequency': 10,
 'loss_function': 'binary_cross_entropy',
 'max_data_size': None,
 'max_lr': 0.001,
 'metric': 'binary_cross_entropy',
 'metrics': ['binary_cross_entropy', 'auc'],
 'minimize_score': True,
 'mpn_shared': False,
 'multiclass_num_classes': 3,
 'no_adding_bond_types': False,
 'no_atom_descriptor_scaling': False,
 'no_bond_descriptor_scaling': False,
 'no_cache_mol': False,
 'no_cuda': False,
 'no_features_scaling': False,
 'no_shared_atom_bond_ffn': False,
 'num_folds': 2,
 'num_lrs': 1,
 'num_tasks': 7,
 'num_workers': 8,
 'number_of_molecules': 1,
 'overwrite_default_atom_features': False,
 'overwrite_default_bond_features': False,
 'phase_features_path': None,
 'pytorch_seed': 0,
 'quiet': False,
 'reaction': False,
 'reaction_mode': 'reac_diff',
 'reaction_solvent': False,
 'resume_experiment': False,
 'save_dir': 'dmpnn/',
 'save_preds': False,
 'save_smiles_splits': False,
 'seed': 0,
 'separate_test_atom_descriptors_path': None,
 'separate_test_bond_descriptors_path': None,
 'separate_test_constraints_path': None,
 'separate_test_features_path': None,
 'separate_test_path': None,
 'separate_test_phase_features_path': None,
 'separate_val_atom_descriptors_path': None,
 'separate_val_bond_descriptors_path': None,
 'separate_val_constraints_path': None,
 'separate_val_features_path': None,
 'separate_val_path': None,
 'separate_val_phase_features_path': None,
 'shared_atom_bond_ffn': True,
 'show_individual_scores': False,
 'smiles_columns': ['smiles'],
 'spectra_activation': 'exp',
 'spectra_phase_mask_path': None,
 'spectra_target_floor': 1e-08,
 'split_key_molecule': 0,
 'split_sizes': [0.8, 0.1, 0.1],
 'split_type': 'scaffold_balanced',
 'target_columns': None,
 'target_weights': None,
 'task_names': ['AR', 'ER', 'GR', 'Aromatase', 'TR', 'PPARg', 'ED'],
 'test': False,
 'test_fold_index': None,
 'train_data_size': None,
 'undirected': False,
 'use_input_features': False,
 'val_fold_index': None,
 'warmup_epochs': 2.0,
 'weights_ffn_num_layers': 2}
Setting molecule featurization parameters to default.
Loading data
Number of tasks = 7
Fold 0
Splitting data with seed 0
Total scaffolds = 2,197 | train scaffolds = 1,555 | val scaffolds = 279 | test scaffolds = 363
Label averages per scaffold, in decreasing order of scaffold frequency,capped at 10 scaffolds and 20 labels:
Scaffold 0
Task 0: count = 1,414 | target average = 0.048091
Task 1: count = 1,364 | target average = 0.065982
Task 2: count = 1,426 | target average = 0.026648
Task 3: count = 1,455 | target average = 0.024742
Task 4: count = 1,384 | target average = 0.024566
Task 5: count = 1,382 | target average = 0.047033
Task 6: count = 1,587 | target average = 0.120353


Scaffold 1
Task 0: count = 1,164 | target average = 0.103952
Task 1: count = 1,158 | target average = 0.165803
Task 2: count = 1,216 | target average = 0.040296
Task 3: count = 1,176 | target average = 0.060374
Task 4: count = 1,114 | target average = 0.044883
Task 5: count = 1,194 | target average = 0.068677
Task 6: count = 1,387 | target average = 0.217736


Scaffold 2
Task 0: count = 80 | target average = 0.025000
Task 1: count = 72 | target average = 0.055556
Task 2: count = 83 | target average = 0.048193
Task 3: count = 80 | target average = 0.037500
Task 4: count = 76 | target average = 0.013158
Task 5: count = 71 | target average = 0.042254
Task 6: count = 87 | target average = 0.114943


Scaffold 3
Task 0: count = 44 | target average = 0.295455
Task 1: count = 59 | target average = 0.491525
Task 2: count = 49 | target average = 0.224490
Task 3: count = 51 | target average = 0.117647
Task 4: count = 29 | target average = 0.241379
Task 5: count = 48 | target average = 0.312500
Task 6: count = 70 | target average = 0.528571


Scaffold 4
Task 0: count = 53 | target average = 0.169811
Task 1: count = 50 | target average = 0.180000
Task 2: count = 55 | target average = 0.036364
Task 3: count = 56 | target average = 0.107143
Task 4: count = 51 | target average = 0.058824
Task 5: count = 54 | target average = 0.055556
Task 6: count = 65 | target average = 0.261538


Scaffold 5
Task 0: count = 54 | target average = 0.037037
Task 1: count = 48 | target average = 0.041667
Task 2: count = 55 | target average = 0.000000
Task 3: count = 56 | target average = 0.035714
Task 4: count = 52 | target average = 0.000000
Task 5: count = 48 | target average = 0.000000
Task 6: count = 57 | target average = 0.052632


Scaffold 6
Task 0: count = 33 | target average = 0.333333
Task 1: count = 35 | target average = 0.400000
Task 2: count = 35 | target average = 0.142857
Task 3: count = 36 | target average = 0.305556
Task 4: count = 28 | target average = 0.250000
Task 5: count = 38 | target average = 0.394737
Task 6: count = 45 | target average = 0.600000


Scaffold 7
Task 0: count = 37 | target average = 1.000000
Task 1: count = 31 | target average = 1.000000
Task 2: count = 37 | target average = 1.000000
Task 3: count = 33 | target average = 1.000000
Task 4: count = 31 | target average = 0.064516
Task 5: count = 23 | target average = 0.043478
Task 6: count = 39 | target average = 1.000000


Scaffold 8
Task 0: count = 30 | target average = 0.266667
Task 1: count = 28 | target average = 0.428571
Task 2: count = 27 | target average = 0.037037
Task 3: count = 34 | target average = 0.235294
Task 4: count = 30 | target average = 0.100000
Task 5: count = 34 | target average = 0.235294
Task 6: count = 39 | target average = 0.564103


Scaffold 9
Task 0: count = 36 | target average = 1.000000
Task 1: count = 33 | target average = 0.939394
Task 2: count = 32 | target average = 1.000000
Task 3: count = 29 | target average = 0.689655
Task 4: count = 27 | target average = 0.370370
Task 5: count = 21 | target average = 0.000000
Task 6: count = 36 | target average = 1.000000


Class sizes
AR 0: 82.11%, 1: 17.89%
ER 0: 76.06%, 1: 23.94%
GR 0: 90.07%, 1: 9.93%
Aromatase 0: 88.67%, 1: 11.33%
TR 0: 93.06%, 1: 6.94%
PPARg 0: 89.44%, 1: 10.56%
ED 0: 69.43%, 1: 30.57%
Total size = 7,248 | train size = 5,798 | val size = 724 | test size = 726
Building model 0
MoleculeModel(
  (sigmoid): Sigmoid()
  (encoder): MPN(
    (encoder): ModuleList(
      (0): MPNEncoder(
        (dropout): Dropout(p=0.0, inplace=False)
        (act_func): ReLU()
        (W_i): Linear(in_features=147, out_features=300, bias=False)
        (W_h): Linear(in_features=300, out_features=300, bias=False)
        (W_o): Linear(in_features=433, out_features=300, bias=True)
      )
    )
  )
  (readout): Sequential(
    (0): Dropout(p=0.0, inplace=False)
    (1): Linear(in_features=300, out_features=300, bias=True)
    (2): ReLU()
    (3): Dropout(p=0.0, inplace=False)
    (4): Linear(in_features=300, out_features=7, bias=True)
  )
)
Number of parameters = 357,007
Moving model to cuda
Epoch 0
Loss = 6.2912e-01, PNorm = 34.1846, GNorm = 0.8275, lr_0 = 1.4304e-04
Loss = 4.9065e-01, PNorm = 34.1967, GNorm = 0.3092, lr_0 = 1.8217e-04
Loss = 4.5524e-01, PNorm = 34.2058, GNorm = 0.3893, lr_0 = 2.2130e-04
Loss = 3.8972e-01, PNorm = 34.2147, GNorm = 0.4945, lr_0 = 2.6043e-04
Loss = 3.9998e-01, PNorm = 34.2254, GNorm = 0.3723, lr_0 = 2.9957e-04
Loss = 3.7158e-01, PNorm = 34.2403, GNorm = 0.9494, lr_0 = 3.3870e-04
Loss = 4.0771e-01, PNorm = 34.2496, GNorm = 0.3473, lr_0 = 3.7783e-04
Loss = 3.9528e-01, PNorm = 34.2727, GNorm = 0.4924, lr_0 = 4.1696e-04
Loss = 4.0921e-01, PNorm = 34.2918, GNorm = 0.3938, lr_0 = 4.5609e-04
Loss = 3.8756e-01, PNorm = 34.3089, GNorm = 0.4347, lr_0 = 4.9522e-04
Loss = 3.6242e-01, PNorm = 34.3337, GNorm = 0.1875, lr_0 = 5.3435e-04
Validation binary_cross_entropy = 0.435040
Validation auc = 0.605893
Epoch 1
Loss = 3.6431e-01, PNorm = 34.3498, GNorm = 0.4062, lr_0 = 5.7739e-04
Loss = 3.6679e-01, PNorm = 34.3701, GNorm = 0.4919, lr_0 = 6.1652e-04
Loss = 3.6870e-01, PNorm = 34.3922, GNorm = 0.5809, lr_0 = 6.5565e-04
Loss = 3.7218e-01, PNorm = 34.4129, GNorm = 0.1702, lr_0 = 6.9478e-04
Loss = 3.8091e-01, PNorm = 34.4324, GNorm = 0.2017, lr_0 = 7.3391e-04
Loss = 3.4513e-01, PNorm = 34.4647, GNorm = 0.4269, lr_0 = 7.7304e-04
Loss = 3.5173e-01, PNorm = 34.4955, GNorm = 0.1904, lr_0 = 8.1217e-04
Loss = 3.4885e-01, PNorm = 34.5250, GNorm = 0.2560, lr_0 = 8.5130e-04
Loss = 3.4367e-01, PNorm = 34.5657, GNorm = 0.2241, lr_0 = 8.9043e-04
Loss = 3.2163e-01, PNorm = 34.5992, GNorm = 0.3774, lr_0 = 9.2957e-04
Loss = 3.5210e-01, PNorm = 34.6383, GNorm = 0.4686, lr_0 = 9.6870e-04
Loss = 3.3831e-01, PNorm = 34.6851, GNorm = 0.6564, lr_0 = 1.0000e-04
Validation binary_cross_entropy = 0.436400
Validation auc = 0.697020
Model 0 best validation binary_cross_entropy = 0.435040 on epoch 0
Loading pretrained parameter "encoder.encoder.0.cached_zero_vector".
Loading pretrained parameter "encoder.encoder.0.W_i.weight".
Loading pretrained parameter "encoder.encoder.0.W_h.weight".
Loading pretrained parameter "encoder.encoder.0.W_o.weight".
Loading pretrained parameter "encoder.encoder.0.W_o.bias".
Loading pretrained parameter "readout.1.weight".
Loading pretrained parameter "readout.1.bias".
Loading pretrained parameter "readout.4.weight".
Loading pretrained parameter "readout.4.bias".
Moving model to cuda
Model 0 test binary_cross_entropy = 0.500988
Model 0 test auc = 0.702225
Ensemble test binary_cross_entropy = 0.500988
Ensemble test auc = 0.702225
Fold 1
Splitting data with seed 1
Total scaffolds = 2,197 | train scaffolds = 1,473 | val scaffolds = 419 | test scaffolds = 305
Label averages per scaffold, in decreasing order of scaffold frequency,capped at 10 scaffolds and 20 labels:
Scaffold 0
Task 0: count = 1,414 | target average = 0.048091
Task 1: count = 1,364 | target average = 0.065982
Task 2: count = 1,426 | target average = 0.026648
Task 3: count = 1,455 | target average = 0.024742
Task 4: count = 1,384 | target average = 0.024566
Task 5: count = 1,382 | target average = 0.047033
Task 6: count = 1,587 | target average = 0.120353


Scaffold 1
Task 0: count = 1,164 | target average = 0.103952
Task 1: count = 1,158 | target average = 0.165803
Task 2: count = 1,216 | target average = 0.040296
Task 3: count = 1,176 | target average = 0.060374
Task 4: count = 1,114 | target average = 0.044883
Task 5: count = 1,194 | target average = 0.068677
Task 6: count = 1,387 | target average = 0.217736


Scaffold 2
Task 0: count = 80 | target average = 0.025000
Task 1: count = 72 | target average = 0.055556
Task 2: count = 83 | target average = 0.048193
Task 3: count = 80 | target average = 0.037500
Task 4: count = 76 | target average = 0.013158
Task 5: count = 71 | target average = 0.042254
Task 6: count = 87 | target average = 0.114943


Scaffold 3
Task 0: count = 44 | target average = 0.295455
Task 1: count = 59 | target average = 0.491525
Task 2: count = 49 | target average = 0.224490
Task 3: count = 51 | target average = 0.117647
Task 4: count = 29 | target average = 0.241379
Task 5: count = 48 | target average = 0.312500
Task 6: count = 70 | target average = 0.528571


Scaffold 4
Task 0: count = 53 | target average = 0.169811
Task 1: count = 50 | target average = 0.180000
Task 2: count = 55 | target average = 0.036364
Task 3: count = 56 | target average = 0.107143
Task 4: count = 51 | target average = 0.058824
Task 5: count = 54 | target average = 0.055556
Task 6: count = 65 | target average = 0.261538


Scaffold 5
Task 0: count = 54 | target average = 0.037037
Task 1: count = 48 | target average = 0.041667
Task 2: count = 55 | target average = 0.000000
Task 3: count = 56 | target average = 0.035714
Task 4: count = 52 | target average = 0.000000
Task 5: count = 48 | target average = 0.000000
Task 6: count = 57 | target average = 0.052632


Scaffold 6
Task 0: count = 33 | target average = 0.333333
Task 1: count = 35 | target average = 0.400000
Task 2: count = 35 | target average = 0.142857
Task 3: count = 36 | target average = 0.305556
Task 4: count = 28 | target average = 0.250000
Task 5: count = 38 | target average = 0.394737
Task 6: count = 45 | target average = 0.600000


Scaffold 7
Task 0: count = 30 | target average = 0.266667
Task 1: count = 28 | target average = 0.428571
Task 2: count = 27 | target average = 0.037037
Task 3: count = 34 | target average = 0.235294
Task 4: count = 30 | target average = 0.100000
Task 5: count = 34 | target average = 0.235294
Task 6: count = 39 | target average = 0.564103


Scaffold 8
Task 0: count = 37 | target average = 1.000000
Task 1: count = 31 | target average = 1.000000
Task 2: count = 37 | target average = 1.000000
Task 3: count = 33 | target average = 1.000000
Task 4: count = 31 | target average = 0.064516
Task 5: count = 23 | target average = 0.043478
Task 6: count = 39 | target average = 1.000000


Scaffold 9
Task 0: count = 36 | target average = 1.000000
Task 1: count = 33 | target average = 0.939394
Task 2: count = 32 | target average = 1.000000
Task 3: count = 29 | target average = 0.689655
Task 4: count = 27 | target average = 0.370370
Task 5: count = 21 | target average = 0.000000
Task 6: count = 36 | target average = 1.000000


Class sizes
AR 0: 82.11%, 1: 17.89%
ER 0: 76.06%, 1: 23.94%
GR 0: 90.07%, 1: 9.93%
Aromatase 0: 88.67%, 1: 11.33%
TR 0: 93.06%, 1: 6.94%
PPARg 0: 89.44%, 1: 10.56%
ED 0: 69.43%, 1: 30.57%
Total size = 7,248 | train size = 5,798 | val size = 724 | test size = 726
Building model 0
MoleculeModel(
  (sigmoid): Sigmoid()
  (encoder): MPN(
    (encoder): ModuleList(
      (0): MPNEncoder(
        (dropout): Dropout(p=0.0, inplace=False)
        (act_func): ReLU()
        (W_i): Linear(in_features=147, out_features=300, bias=False)
        (W_h): Linear(in_features=300, out_features=300, bias=False)
        (W_o): Linear(in_features=433, out_features=300, bias=True)
      )
    )
  )
  (readout): Sequential(
    (0): Dropout(p=0.0, inplace=False)
    (1): Linear(in_features=300, out_features=300, bias=True)
    (2): ReLU()
    (3): Dropout(p=0.0, inplace=False)
    (4): Linear(in_features=300, out_features=7, bias=True)
  )
)
Number of parameters = 357,007
Moving model to cuda
Epoch 0
Loss = 6.3594e-01, PNorm = 34.1843, GNorm = 0.7165, lr_0 = 1.4304e-04
Loss = 4.6427e-01, PNorm = 34.1969, GNorm = 0.3463, lr_0 = 1.8217e-04
Loss = 4.5437e-01, PNorm = 34.2062, GNorm = 0.4948, lr_0 = 2.2130e-04
Loss = 4.0705e-01, PNorm = 34.2134, GNorm = 0.3246, lr_0 = 2.6043e-04
Loss = 4.3026e-01, PNorm = 34.2205, GNorm = 0.2321, lr_0 = 2.9957e-04
Loss = 3.9824e-01, PNorm = 34.2348, GNorm = 0.5762, lr_0 = 3.3870e-04
Loss = 3.8051e-01, PNorm = 34.2532, GNorm = 0.5083, lr_0 = 3.7783e-04
Loss = 3.7001e-01, PNorm = 34.2726, GNorm = 0.2202, lr_0 = 4.1696e-04
Loss = 3.8028e-01, PNorm = 34.2929, GNorm = 0.4637, lr_0 = 4.5609e-04
Loss = 3.5151e-01, PNorm = 34.3094, GNorm = 0.2806, lr_0 = 4.9522e-04
Loss = 3.6568e-01, PNorm = 34.3238, GNorm = 0.6106, lr_0 = 5.3435e-04
Validation binary_cross_entropy = 0.499706
Validation auc = 0.628409
Epoch 1
Loss = 3.7878e-01, PNorm = 34.3383, GNorm = 0.1603, lr_0 = 5.7739e-04
Loss = 3.8541e-01, PNorm = 34.3642, GNorm = 0.2922, lr_0 = 6.1652e-04
Loss = 3.4522e-01, PNorm = 34.3893, GNorm = 0.4020, lr_0 = 6.5565e-04
Loss = 3.5311e-01, PNorm = 34.4155, GNorm = 0.3698, lr_0 = 6.9478e-04
Loss = 3.7002e-01, PNorm = 34.4365, GNorm = 0.4513, lr_0 = 7.3391e-04
Loss = 3.5288e-01, PNorm = 34.4508, GNorm = 0.2185, lr_0 = 7.7304e-04
Loss = 3.3134e-01, PNorm = 34.4858, GNorm = 0.4436, lr_0 = 8.1217e-04
Loss = 3.5556e-01, PNorm = 34.5135, GNorm = 0.5049, lr_0 = 8.5130e-04
Loss = 3.6375e-01, PNorm = 34.5352, GNorm = 0.7298, lr_0 = 8.9043e-04
Loss = 3.5957e-01, PNorm = 34.5547, GNorm = 0.2078, lr_0 = 9.2957e-04
Loss = 3.4161e-01, PNorm = 34.6064, GNorm = 0.5183, lr_0 = 9.6870e-04
Loss = 3.4602e-01, PNorm = 34.6534, GNorm = 0.2484, lr_0 = 1.0000e-04
Validation binary_cross_entropy = 0.481100
Validation auc = 0.719032
Model 0 best validation binary_cross_entropy = 0.481100 on epoch 1
Loading pretrained parameter "encoder.encoder.0.cached_zero_vector".
Loading pretrained parameter "encoder.encoder.0.W_i.weight".
Loading pretrained parameter "encoder.encoder.0.W_h.weight".
Loading pretrained parameter "encoder.encoder.0.W_o.weight".
Loading pretrained parameter "encoder.encoder.0.W_o.bias".
Loading pretrained parameter "readout.1.weight".
Loading pretrained parameter "readout.1.bias".
Loading pretrained parameter "readout.4.weight".
Loading pretrained parameter "readout.4.bias".
Moving model to cuda
Model 0 test binary_cross_entropy = 0.429191
Model 0 test auc = 0.750434
Ensemble test binary_cross_entropy = 0.429191
Ensemble test auc = 0.750434
2-fold cross validation
	Seed 0 ==> test binary_cross_entropy = 0.500988
	Seed 0 ==> test auc = 0.702225
	Seed 1 ==> test binary_cross_entropy = 0.429191
	Seed 1 ==> test auc = 0.750434
Overall test binary_cross_entropy = 0.465089 +/- 0.035898
Overall test auc = 0.726330 +/- 0.024105
Elapsed time = 0:00:58
